<?xml version="1.0" encoding="UTF-8"?>
<!-- Generated by org.testng.reporters.JUnitXMLReporter -->
<testsuite hostname="SLW10106" name="Default test" tests="3" failures="0" timestamp="14 Sep 2017 14:37:22 GMT" time="0.035" errors="0">
  <testcase name="@BeforeTest setBrowser" time="0.0" classname="com.unit4test.base.TestDriver">
    <failure type="org.testng.TestNGException" message="
Parameter &amp;apos;browser&amp;apos; is required by @Configuration on method setBrowser but has not been marked @Optional or defined
in C:\Users\dixit.bedi\AppData\Local\Temp\testng-eclipse--642689104\testng-customsuite.xml">
      <![CDATA[org.testng.TestNGException: 
Parameter 'browser' is required by @Configuration on method setBrowser but has not been marked @Optional or defined
in C:\Users\dixit.bedi\AppData\Local\Temp\testng-eclipse--642689104\testng-customsuite.xml
	at org.testng.internal.Parameters.createParameters(Parameters.java:155)
	at org.testng.internal.Parameters.createParameters(Parameters.java:355)
	at org.testng.internal.Parameters.createConfigurationParameters(Parameters.java:86)
	at org.testng.internal.Invoker.invokeConfigurations(Invoker.java:199)
	at org.testng.internal.Invoker.invokeConfigurations(Invoker.java:138)
	at org.testng.TestRunner.beforeRun(TestRunner.java:641)
	at org.testng.TestRunner.run(TestRunner.java:609)
	at org.testng.SuiteRunner.runTest(SuiteRunner.java:334)
	at org.testng.SuiteRunner.runSequentially(SuiteRunner.java:329)
	at org.testng.SuiteRunner.privateRun(SuiteRunner.java:291)
	at org.testng.SuiteRunner.run(SuiteRunner.java:240)
	at org.testng.SuiteRunnerWorker.runSuite(SuiteRunnerWorker.java:51)
	at org.testng.SuiteRunnerWorker.run(SuiteRunnerWorker.java:85)
	at org.testng.TestNG.runSuitesSequentially(TestNG.java:1197)
	at org.testng.TestNG.runSuitesLocally(TestNG.java:1122)
	at org.testng.TestNG.run(TestNG.java:1030)
	at org.testng.remote.AbstractRemoteTestNG.run(AbstractRemoteTestNG.java:114)
	at org.testng.remote.RemoteTestNG.initAndRun(RemoteTestNG.java:251)
	at org.testng.remote.RemoteTestNG.main(RemoteTestNG.java:77)
]]>
    </failure>
  </testcase> <!-- @BeforeTest setBrowser -->
  <testcase name="verifyLogin" time="0.005" classname="com.unit4test.base.TestDriver">
    <skipped/>
  </testcase> <!-- verifyLogin -->
  <testcase name="verifyLogout" time="0.001" classname="com.unit4test.base.TestDriver">
    <skipped/>
  </testcase> <!-- verifyLogout -->
  <testcase name="wrongLogin" time="0.001" classname="com.unit4test.base.TestDriver">
    <skipped/>
  </testcase> <!-- wrongLogin -->
</testsuite> <!-- Default test -->
